<?xml version="1.0" encoding="UTF-8"?>
<!-- Generated by org.testng.reporters.JUnitReportReporter -->
<testsuite hostname="DESKTOP-IP7TE20" failures="0" tests="2" name="com.cctech.challenge.tests.TC002_Submit_form_with_multiple_subjects_and_hobbies" time="49.428" errors="0" timestamp="2025-08-24T13:54:44 IST" skipped="0">
  <testcase classname="com.cctech.challenge.tests.TC002_Submit_form_with_multiple_subjects_and_hobbies" name="Submit_form_with_valid_data" time="26.385"/>
  <system-out/>
  <testcase classname="com.cctech.challenge.tests.TC002_Submit_form_with_multiple_subjects_and_hobbies" name="Submit_form_with_valid_data" time="23.043"/>
  <system-out/>
</testsuite> <!-- com.cctech.challenge.tests.TC002_Submit_form_with_multiple_subjects_and_hobbies -->
