<?xml version="1.0" encoding="UTF-8"?>
<!-- Generated by org.testng.reporters.JUnitReportReporter -->
<testsuite hostname="DESKTOP-IP7TE20" failures="0" tests="1" name="com.cctech.challenge.tests.BaseClass" time="226.565" errors="0" timestamp="2025-08-23T17:59:25 IST" skipped="0">
  <testcase classname="com.cctech.challenge.tests.BaseClass" name="driverLaunch" time="226.565"/>
</testsuite> <!-- com.cctech.challenge.tests.BaseClass -->
