<?xml version="1.0" encoding="UTF-8"?>
<!-- Generated by org.testng.reporters.JUnitReportReporter -->
<testsuite hostname="DESKTOP-IP7TE20" failures="0" tests="2" name="com.cctech.challenge.tests.TC004_Submit_form_with_invalid_email_format" time="67.471" errors="0" timestamp="2025-08-24T13:54:44 IST" skipped="0">
  <testcase classname="com.cctech.challenge.tests.TC004_Submit_form_with_invalid_email_format" name="Submit_form_with_valid_data" time="9.751"/>
  <system-out/>
  <testcase classname="com.cctech.challenge.tests.TC004_Submit_form_with_invalid_email_format" name="Submit_form_with_valid_data" time="57.720"/>
  <system-out/>
</testsuite> <!-- com.cctech.challenge.tests.TC004_Submit_form_with_invalid_email_format -->
