<?xml version="1.0" encoding="UTF-8"?>
<!-- Generated by org.testng.reporters.JUnitReportReporter -->
<testsuite hostname="DESKTOP-IP7TE20" failures="0" tests="2" name="com.cctech.challenge.tests.TC001_Submit_form_with_valid_data" time="30.443" errors="0" timestamp="2025-08-24T13:54:44 IST" skipped="0">
  <testcase classname="com.cctech.challenge.tests.TC001_Submit_form_with_valid_data" name="Submit_form_with_valid_data" time="20.684"/>
  <system-out/>
  <testcase classname="com.cctech.challenge.tests.TC001_Submit_form_with_valid_data" name="Submit_form_with_valid_data" time="9.759"/>
  <system-out/>
</testsuite> <!-- com.cctech.challenge.tests.TC001_Submit_form_with_valid_data -->
