<?xml version="1.0" encoding="UTF-8"?>
<!-- Generated by org.testng.reporters.JUnitReportReporter -->
<testsuite hostname="DESKTOP-IP7TE20" failures="0" tests="1" name="com.cctech.challenge.tests.TC003_Submit_form_with_all_fields_empty" time="1.313" errors="0" timestamp="2025-08-24T14:02:50 IST" skipped="0">
  <testcase classname="com.cctech.challenge.tests.TC003_Submit_form_with_all_fields_empty" name="Submit_form_with_valid_data" time="1.313"/>
</testsuite> <!-- com.cctech.challenge.tests.TC003_Submit_form_with_all_fields_empty -->
