<?xml version="1.0" encoding="UTF-8"?>
<!-- Generated by org.testng.reporters.JUnitReportReporter -->
<testsuite hostname="DESKTOP-IP7TE20" failures="0" tests="1" name="com.cctech.challenge.tests.TC002_Submit_form_with_multiple_subjects_and_hobbies" time="12.184" errors="0" timestamp="2025-08-24T14:02:50 IST" skipped="0">
  <testcase classname="com.cctech.challenge.tests.TC002_Submit_form_with_multiple_subjects_and_hobbies" name="Submit_form_with_valid_data" time="12.184"/>
</testsuite> <!-- com.cctech.challenge.tests.TC002_Submit_form_with_multiple_subjects_and_hobbies -->
