<?xml version="1.0" encoding="UTF-8"?>
<!-- Generated by org.testng.reporters.JUnitReportReporter -->
<testsuite hostname="DESKTOP-IP7TE20" failures="0" tests="1" name="com.cctech.challenge.tests.TC004_Submit_form_with_invalid_email_format" time="11.551" errors="0" timestamp="2025-08-24T14:02:50 IST" skipped="0">
  <testcase classname="com.cctech.challenge.tests.TC004_Submit_form_with_invalid_email_format" name="Submit_form_with_valid_data" time="11.551"/>
</testsuite> <!-- com.cctech.challenge.tests.TC004_Submit_form_with_invalid_email_format -->
